<?xml version="1.0" encoding="UTF-8"?>
<testsuite name="SolutionTest" tests="2" skipped="0" failures="0" errors="0" timestamp="2022-06-29T10:17:04" hostname="yuanyu-ubuntu" time="0.028">
  <properties/>
  <testcase name="countSubstringsExample1()" classname="SolutionTest" time="0.026"/>
  <testcase name="countSubstringsExample2()" classname="SolutionTest" time="0.001"/>
  <system-out><![CDATA[]]></system-out>
  <system-err><![CDATA[]]></system-err>
</testsuite>
